0 info it worked if it ends with ok
1 verbose cli [ '/usr/local/bin/node',
1 verbose cli   '/usr/local/bin/npm',
1 verbose cli   'install',
1 verbose cli   'extract-text-webpack-plugin',
1 verbose cli   '—save-dev' ]
2 info using npm@3.10.8
3 info using node@v6.9.1
4 silly loadCurrentTree Starting
5 silly install loadCurrentTree
6 silly install readLocalPackageData
7 silly fetchPackageMetaData extract-text-webpack-plugin
8 silly fetchPackageMetaData —save-dev
9 silly fetchNamedPackageData extract-text-webpack-plugin
10 silly mapToRegistry name extract-text-webpack-plugin
11 silly mapToRegistry using default registry
12 silly mapToRegistry registry https://registry.npmjs.org/
13 silly mapToRegistry data Result {
13 silly mapToRegistry   raw: 'extract-text-webpack-plugin',
13 silly mapToRegistry   scope: null,
13 silly mapToRegistry   escapedName: 'extract-text-webpack-plugin',
13 silly mapToRegistry   name: 'extract-text-webpack-plugin',
13 silly mapToRegistry   rawSpec: '',
13 silly mapToRegistry   spec: 'latest',
13 silly mapToRegistry   type: 'tag' }
14 silly mapToRegistry uri https://registry.npmjs.org/extract-text-webpack-plugin
15 silly fetchOtherPackageData —save-dev
16 silly cache add args [ '—save-dev', null ]
17 verbose cache add spec —save-dev
18 verbose request uri https://registry.npmjs.org/extract-text-webpack-plugin
19 verbose request no auth needed
20 info attempt registry request try #1 at 9:53:16 AM
21 verbose request id e00c699f19f7ad3a
22 http request GET https://registry.npmjs.org/extract-text-webpack-plugin
23 info retry will retry, error on last attempt: TypeError: The header content contains invalid characters
24 silly cache add parsed spec Result {
24 silly cache add   raw: '—save-dev',
24 silly cache add   scope: null,
24 silly cache add   escapedName: null,
24 silly cache add   name: null,
24 silly cache add   rawSpec: '—save-dev',
24 silly cache add   spec: '/Users/Thorunn/Desktop/Hjörtur/veff_lokaverkefni/—save-dev',
24 silly cache add   type: 'local' }
25 error addLocal Could not install /Users/Thorunn/Desktop/Hjörtur/veff_lokaverkefni/—save-dev
26 silly fetchPackageMetaData Error: ENOENT: no such file or directory, open '/Users/Thorunn/Desktop/Hjörtur/veff_lokaverkefni/—save-dev'
26 silly fetchPackageMetaData     at Error (native)
26 silly fetchPackageMetaData  error for —save-dev { Error: ENOENT: no such file or directory, open '/Users/Thorunn/Desktop/Hjörtur/veff_lokaverkefni/—save-dev'
26 silly fetchPackageMetaData     at Error (native)
26 silly fetchPackageMetaData   errno: -2,
26 silly fetchPackageMetaData   code: 'ENOENT',
26 silly fetchPackageMetaData   syscall: 'open',
26 silly fetchPackageMetaData   path: '/Users/Thorunn/Desktop/Hjörtur/veff_lokaverkefni/—save-dev' }
27 info attempt registry request try #2 at 9:53:26 AM
28 http request GET https://registry.npmjs.org/extract-text-webpack-plugin
29 info retry will retry, error on last attempt: TypeError: The header content contains invalid characters
30 info attempt registry request try #3 at 9:54:26 AM
31 http request GET https://registry.npmjs.org/extract-text-webpack-plugin
32 silly fetchPackageMetaData TypeError: The header content contains invalid characters
32 silly fetchPackageMetaData     at ClientRequest.OutgoingMessage.setHeader (_http_outgoing.js:358:11)
32 silly fetchPackageMetaData     at new ClientRequest (_http_client.js:86:14)
32 silly fetchPackageMetaData     at Object.exports.request (http.js:31:10)
32 silly fetchPackageMetaData     at Object.exports.request (https.js:199:15)
32 silly fetchPackageMetaData     at Request.start (/usr/local/lib/node_modules/npm/node_modules/request/request.js:740:32)
32 silly fetchPackageMetaData     at Request.end (/usr/local/lib/node_modules/npm/node_modules/request/request.js:1394:10)
32 silly fetchPackageMetaData     at end (/usr/local/lib/node_modules/npm/node_modules/request/request.js:567:14)
32 silly fetchPackageMetaData     at Immediate.<anonymous> (/usr/local/lib/node_modules/npm/node_modules/request/request.js:581:7)
32 silly fetchPackageMetaData     at runCallback (timers.js:637:20)
32 silly fetchPackageMetaData     at tryOnImmediate (timers.js:610:5)
32 silly fetchPackageMetaData  error for extract-text-webpack-plugin TypeError: The header content contains invalid characters
32 silly fetchPackageMetaData     at ClientRequest.OutgoingMessage.setHeader (_http_outgoing.js:358:11)
32 silly fetchPackageMetaData     at new ClientRequest (_http_client.js:86:14)
32 silly fetchPackageMetaData     at Object.exports.request (http.js:31:10)
32 silly fetchPackageMetaData     at Object.exports.request (https.js:199:15)
32 silly fetchPackageMetaData     at Request.start (/usr/local/lib/node_modules/npm/node_modules/request/request.js:740:32)
32 silly fetchPackageMetaData     at Request.end (/usr/local/lib/node_modules/npm/node_modules/request/request.js:1394:10)
32 silly fetchPackageMetaData     at end (/usr/local/lib/node_modules/npm/node_modules/request/request.js:567:14)
32 silly fetchPackageMetaData     at Immediate.<anonymous> (/usr/local/lib/node_modules/npm/node_modules/request/request.js:581:7)
32 silly fetchPackageMetaData     at runCallback (timers.js:637:20)
32 silly fetchPackageMetaData     at tryOnImmediate (timers.js:610:5)
33 silly rollbackFailedOptional Starting
34 silly rollbackFailedOptional Finishing
35 silly runTopLevelLifecycles Finishing
36 silly install printInstalled
37 verbose stack Error: ENOENT: no such file or directory, open '/Users/Thorunn/Desktop/Hjörtur/veff_lokaverkefni/—save-dev'
37 verbose stack     at Error (native)
38 verbose cwd /Users/Thorunn/Desktop/Hjörtur/veff_lokaverkefni
39 error Darwin 16.1.0
40 error argv "/usr/local/bin/node" "/usr/local/bin/npm" "install" "extract-text-webpack-plugin" "—save-dev"
41 error node v6.9.1
42 error npm  v3.10.8
43 error path /Users/Thorunn/Desktop/Hjörtur/veff_lokaverkefni/—save-dev
44 error code ENOENT
45 error errno -2
46 error syscall open
47 error enoent ENOENT: no such file or directory, open '/Users/Thorunn/Desktop/Hjörtur/veff_lokaverkefni/—save-dev'
48 error enoent ENOENT: no such file or directory, open '/Users/Thorunn/Desktop/Hjörtur/veff_lokaverkefni/—save-dev'
48 error enoent This is most likely not a problem with npm itself
48 error enoent and is related to npm not being able to find a file.
49 verbose exit [ -2, true ]
